[2019-05-14 09:30:25] local.ERROR: file_put_contents(/home/yassine/WORK/semestre2/php/Piscine_MVC_Free_Ads/freeads/storage/framework/views/922c0bcc3a7aca4e66921a9a00e4c539ed43331b.php): failed to open stream: Permission denied {"userId":9,"exception":"[object] (ErrorException(code: 0): file_put_contents(/home/yassine/WORK/semestre2/php/Piscine_MVC_Free_Ads/freeads/storage/framework/views/922c0bcc3a7aca4e66921a9a00e4c539ed43331b.php): failed to open stream: Permission denied at /home/yassine/WORK/semestre2/php/Piscine_MVC_Free_Ads/freeads/vendor/laravel/framework/src/Illuminate/Filesystem/Filesystem.php:122)
[stacktrace]
#0 [internal function]: Illuminate\\Foundation\\Bootstrap\\HandleExceptions->handleError(2, 'file_put_conten...', '/home/yassine/W...', 122, Array)
#1 /home/yassine/WORK/semestre2/php/Piscine_MVC_Free_Ads/freeads/vendor/laravel/framework/src/Illuminate/Filesystem/Filesystem.php(122): file_put_contents('/home/yassine/W...', '<?php $__env->s...', 0)
#2 /home/yassine/WORK/semestre2/php/Piscine_MVC_Free_Ads/freeads/vendor/laravel/framework/src/Illuminate/View/Compilers/BladeCompiler.php(124): Illuminate\\Filesystem\\Filesystem->put('/home/yassine/W...', '<?php $__env->s...')
#3 /home/yassine/WORK/semestre2/php/Piscine_MVC_Free_Ads/freeads/vendor/laravel/framework/src/Illuminate/View/Engines/CompilerEngine.php(51): Illuminate\\View\\Compilers\\BladeCompiler->compile('/home/yassine/W...')
#4 /home/yassine/WORK/semestre2/php/Piscine_MVC_Free_Ads/freeads/vendor/laravel/framework/src/Illuminate/View/View.php(142): Illuminate\\View\\Engines\\CompilerEngine->get('/home/yassine/W...', Array)
#5 /home/yassine/WORK/semestre2/php/Piscine_MVC_Free_Ads/freeads/vendor/laravel/framework/src/Illuminate/View/View.php(125): Illuminate\\View\\View->getContents()
#6 /home/yassine/WORK/semestre2/php/Piscine_MVC_Free_Ads/freeads/vendor/laravel/framework/src/Illuminate/View/View.php(90): Illuminate\\View\\View->renderContents()
#7 /home/yassine/WORK/semestre2/php/Piscine_MVC_Free_Ads/freeads/vendor/laravel/framework/src/Illuminate/Http/Response.php(42): Illuminate\\View\\View->render()
#8 /home/yassine/WORK/semestre2/php/Piscine_MVC_Free_Ads/freeads/vendor/symfony/http-foundation/Response.php(202): Illuminate\\Http\\Response->setContent(Object(Illuminate\\View\\View))
#9 /home/yassine/WORK/semestre2/php/Piscine_MVC_Free_Ads/freeads/vendor/laravel/framework/src/Illuminate/Routing/Router.php(748): Symfony\\Component\\HttpFoundation\\Response->__construct(Object(Illuminate\\View\\View))
#10 /home/yassine/WORK/semestre2/php/Piscine_MVC_Free_Ads/freeads/vendor/laravel/framework/src/Illuminate/Routing/Router.php(720): Illuminate\\Routing\\Router::toResponse(Object(Illuminate\\Http\\Request), Object(Illuminate\\View\\View))
#11 /home/yassine/WORK/semestre2/php/Piscine_MVC_Free_Ads/freeads/vendor/laravel/framework/src/Illuminate/Routing/Router.php(680): Illuminate\\Routing\\Router->prepareResponse(Object(Illuminate\\Http\\Request), Object(Illuminate\\View\\View))
#12 /home/yassine/WORK/semestre2/php/Piscine_MVC_Free_Ads/freeads/vendor/laravel/framework/src/Illuminate/Routing/Pipeline.php(30): Illuminate\\Routing\\Router->Illuminate\\Routing\\{closure}(Object(Illuminate\\Http\\Request))
#13 /home/yassine/WORK/semestre2/php/Piscine_MVC_Free_Ads/freeads/vendor/laravel/framework/src/Illuminate/Routing/Middleware/SubstituteBindings.php(41): Illuminate\\Routing\\Pipeline->Illuminate\\Routing\\{closure}(Object(Illuminate\\Http\\Request))
#14 /home/yassine/WORK/semestre2/php/Piscine_MVC_Free_Ads/freeads/vendor/laravel/framework/src/Illuminate/Pipeline/Pipeline.php(163): Illuminate\\Routing\\Middleware\\SubstituteBindings->handle(Object(Illuminate\\Http\\Request), Object(Closure))
#15 /home/yassine/WORK/semestre2/php/Piscine_MVC_Free_Ads/freeads/vendor/laravel/framework/src/Illuminate/Routing/Pipeline.php(53): Illuminate\\Pipeline\\Pipeline->Illuminate\\Pipeline\\{closure}(Object(Illuminate\\Http\\Request))
#16 /home/yassine/WORK/semestre2/php/Piscine_MVC_Free_Ads/freeads/vendor/laravel/framework/src/Illuminate/Foundation/Http/Middleware/VerifyCsrfToken.php(75): Illuminate\\Routing\\Pipeline->Illuminate\\Routing\\{closure}(Object(Illuminate\\Http\\Request))
#17 /home/yassine/WORK/semestre2/php/Piscine_MVC_Free_Ads/freeads/vendor/laravel/framework/src/Illuminate/Pipeline/Pipeline.php(163): Illuminate\\Foundation\\Http\\Middleware\\VerifyCsrfToken->handle(Object(Illuminate\\Http\\Request), Object(Closure))
#18 /home/yassine/WORK/semestre2/php/Piscine_MVC_Free_Ads/freeads/vendor/laravel/framework/src/Illuminate/Routing/Pipeline.php(53): Illuminate\\Pipeline\\Pipeline->Illuminate\\Pipeline\\{closure}(Object(Illuminate\\Http\\Request))
#19 /home/yassine/WORK/semestre2/php/Piscine_MVC_Free_Ads/freeads/vendor/laravel/framework/src/Illuminate/View/Middleware/ShareErrorsFromSession.php(49): Illuminate\\Routing\\Pipeline->Illuminate\\Routing\\{closure}(Object(Illuminate\\Http\\Request))
#20 /home/yassine/WORK/semestre2/php/Piscine_MVC_Free_Ads/freeads/vendor/laravel/framework/src/Illuminate/Pipeline/Pipeline.php(163): Illuminate\\View\\Middleware\\ShareErrorsFromSession->handle(Object(Illuminate\\Http\\Request), Object(Closure))
#21 /home/yassine/WORK/semestre2/php/Piscine_MVC_Free_Ads/freeads/vendor/laravel/framework/src/Illuminate/Routing/Pipeline.php(53): Illuminate\\Pipeline\\Pipeline->Illuminate\\Pipeline\\{closure}(Object(Illuminate\\Http\\Request))
#22 /home/yassine/WORK/semestre2/php/Piscine_MVC_Free_Ads/freeads/vendor/laravel/framework/src/Illuminate/Session/Middleware/StartSession.php(56): Illuminate\\Routing\\Pipeline->Illuminate\\Routing\\{closure}(Object(Illuminate\\Http\\Request))
#23 /home/yassine/WORK/semestre2/php/Piscine_MVC_Free_Ads/freeads/vendor/laravel/framework/src/Illuminate/Pipeline/Pipeline.php(163): Illuminate\\Session\\Middleware\\StartSession->handle(Object(Illuminate\\Http\\Request), Object(Closure))
#24 /home/yassine/WORK/semestre2/php/Piscine_MVC_Free_Ads/freeads/vendor/laravel/framework/src/Illuminate/Routing/Pipeline.php(53): Illuminate\\Pipeline\\Pipeline->Illuminate\\Pipeline\\{closure}(Object(Illuminate\\Http\\Request))
#25 /home/yassine/WORK/semestre2/php/Piscine_MVC_Free_Ads/freeads/vendor/laravel/framework/src/Illuminate/Cookie/Middleware/AddQueuedCookiesToResponse.php(37): Illuminate\\Routing\\Pipeline->Illuminate\\Routing\\{closure}(Object(Illuminate\\Http\\Request))
#26 /home/yassine/WORK/semestre2/php/Piscine_MVC_Free_Ads/freeads/vendor/laravel/framework/src/Illuminate/Pipeline/Pipeline.php(163): Illuminate\\Cookie\\Middleware\\AddQueuedCookiesToResponse->handle(Object(Illuminate\\Http\\Request), Object(Closure))
#27 /home/yassine/WORK/semestre2/php/Piscine_MVC_Free_Ads/freeads/vendor/laravel/framework/src/Illuminate/Routing/Pipeline.php(53): Illuminate\\Pipeline\\Pipeline->Illuminate\\Pipeline\\{closure}(Object(Illuminate\\Http\\Request))
#28 /home/yassine/WORK/semestre2/php/Piscine_MVC_Free_Ads/freeads/vendor/laravel/framework/src/Illuminate/Cookie/Middleware/EncryptCookies.php(66): Illuminate\\Routing\\Pipeline->Illuminate\\Routing\\{closure}(Object(Illuminate\\Http\\Request))
#29 /home/yassine/WORK/semestre2/php/Piscine_MVC_Free_Ads/freeads/vendor/laravel/framework/src/Illuminate/Pipeline/Pipeline.php(163): Illuminate\\Cookie\\Middleware\\EncryptCookies->handle(Object(Illuminate\\Http\\Request), Object(Closure))
#30 /home/yassine/WORK/semestre2/php/Piscine_MVC_Free_Ads/freeads/vendor/laravel/framework/src/Illuminate/Routing/Pipeline.php(53): Illuminate\\Pipeline\\Pipeline->Illuminate\\Pipeline\\{closure}(Object(Illuminate\\Http\\Request))
#31 /home/yassine/WORK/semestre2/php/Piscine_MVC_Free_Ads/freeads/vendor/laravel/framework/src/Illuminate/Pipeline/Pipeline.php(104): Illuminate\\Routing\\Pipeline->Illuminate\\Routing\\{closure}(Object(Illuminate\\Http\\Request))
#32 /home/yassine/WORK/semestre2/php/Piscine_MVC_Free_Ads/freeads/vendor/laravel/framework/src/Illuminate/Routing/Router.php(682): Illuminate\\Pipeline\\Pipeline->then(Object(Closure))
#33 /home/yassine/WORK/semestre2/php/Piscine_MVC_Free_Ads/freeads/vendor/laravel/framework/src/Illuminate/Routing/Router.php(657): Illuminate\\Routing\\Router->runRouteWithinStack(Object(Illuminate\\Routing\\Route), Object(Illuminate\\Http\\Request))
#34 /home/yassine/WORK/semestre2/php/Piscine_MVC_Free_Ads/freeads/vendor/laravel/framework/src/Illuminate/Routing/Router.php(623): Illuminate\\Routing\\Router->runRoute(Object(Illuminate\\Http\\Request), Object(Illuminate\\Routing\\Route))
#35 /home/yassine/WORK/semestre2/php/Piscine_MVC_Free_Ads/freeads/vendor/laravel/framework/src/Illuminate/Routing/Router.php(612): Illuminate\\Routing\\Router->dispatchToRoute(Object(Illuminate\\Http\\Request))
#36 /home/yassine/WORK/semestre2/php/Piscine_MVC_Free_Ads/freeads/vendor/laravel/framework/src/Illuminate/Foundation/Http/Kernel.php(176): Illuminate\\Routing\\Router->dispatch(Object(Illuminate\\Http\\Request))
#37 /home/yassine/WORK/semestre2/php/Piscine_MVC_Free_Ads/freeads/vendor/laravel/framework/src/Illuminate/Routing/Pipeline.php(30): Illuminate\\Foundation\\Http\\Kernel->Illuminate\\Foundation\\Http\\{closure}(Object(Illuminate\\Http\\Request))
#38 /home/yassine/WORK/semestre2/php/Piscine_MVC_Free_Ads/freeads/vendor/fideloper/proxy/src/TrustProxies.php(57): Illuminate\\Routing\\Pipeline->Illuminate\\Routing\\{closure}(Object(Illuminate\\Http\\Request))
#39 /home/yassine/WORK/semestre2/php/Piscine_MVC_Free_Ads/freeads/vendor/laravel/framework/src/Illuminate/Pipeline/Pipeline.php(163): Fideloper\\Proxy\\TrustProxies->handle(Object(Illuminate\\Http\\Request), Object(Closure))
#40 /home/yassine/WORK/semestre2/php/Piscine_MVC_Free_Ads/freeads/vendor/laravel/framework/src/Illuminate/Routing/Pipeline.php(53): Illuminate\\Pipeline\\Pipeline->Illuminate\\Pipeline\\{closure}(Object(Illuminate\\Http\\Request))
#41 /home/yassine/WORK/semestre2/php/Piscine_MVC_Free_Ads/freeads/vendor/laravel/framework/src/Illuminate/Foundation/Http/Middleware/TransformsRequest.php(21): Illuminate\\Routing\\Pipeline->Illuminate\\Routing\\{closure}(Object(Illuminate\\Http\\Request))
#42 /home/yassine/WORK/semestre2/php/Piscine_MVC_Free_Ads/freeads/vendor/laravel/framework/src/Illuminate/Pipeline/Pipeline.php(163): Illuminate\\Foundation\\Http\\Middleware\\TransformsRequest->handle(Object(Illuminate\\Http\\Request), Object(Closure))
#43 /home/yassine/WORK/semestre2/php/Piscine_MVC_Free_Ads/freeads/vendor/laravel/framework/src/Illuminate/Routing/Pipeline.php(53): Illuminate\\Pipeline\\Pipeline->Illuminate\\Pipeline\\{closure}(Object(Illuminate\\Http\\Request))
#44 /home/yassine/WORK/semestre2/php/Piscine_MVC_Free_Ads/freeads/vendor/laravel/framework/src/Illuminate/Foundation/Http/Middleware/TransformsRequest.php(21): Illuminate\\Routing\\Pipeline->Illuminate\\Routing\\{closure}(Object(Illuminate\\Http\\Request))
#45 /home/yassine/WORK/semestre2/php/Piscine_MVC_Free_Ads/freeads/vendor/laravel/framework/src/Illuminate/Pipeline/Pipeline.php(163): Illuminate\\Foundation\\Http\\Middleware\\TransformsRequest->handle(Object(Illuminate\\Http\\Request), Object(Closure))
#46 /home/yassine/WORK/semestre2/php/Piscine_MVC_Free_Ads/freeads/vendor/laravel/framework/src/Illuminate/Routing/Pipeline.php(53): Illuminate\\Pipeline\\Pipeline->Illuminate\\Pipeline\\{closure}(Object(Illuminate\\Http\\Request))
#47 /home/yassine/WORK/semestre2/php/Piscine_MVC_Free_Ads/freeads/vendor/laravel/framework/src/Illuminate/Foundation/Http/Middleware/ValidatePostSize.php(27): Illuminate\\Routing\\Pipeline->Illuminate\\Routing\\{closure}(Object(Illuminate\\Http\\Request))
#48 /home/yassine/WORK/semestre2/php/Piscine_MVC_Free_Ads/freeads/vendor/laravel/framework/src/Illuminate/Pipeline/Pipeline.php(163): Illuminate\\Foundation\\Http\\Middleware\\ValidatePostSize->handle(Object(Illuminate\\Http\\Request), Object(Closure))
#49 /home/yassine/WORK/semestre2/php/Piscine_MVC_Free_Ads/freeads/vendor/laravel/framework/src/Illuminate/Routing/Pipeline.php(53): Illuminate\\Pipeline\\Pipeline->Illuminate\\Pipeline\\{closure}(Object(Illuminate\\Http\\Request))
#50 /home/yassine/WORK/semestre2/php/Piscine_MVC_Free_Ads/freeads/vendor/laravel/framework/src/Illuminate/Foundation/Http/Middleware/CheckForMaintenanceMode.php(62): Illuminate\\Routing\\Pipeline->Illuminate\\Routing\\{closure}(Object(Illuminate\\Http\\Request))
#51 /home/yassine/WORK/semestre2/php/Piscine_MVC_Free_Ads/freeads/vendor/laravel/framework/src/Illuminate/Pipeline/Pipeline.php(163): Illuminate\\Foundation\\Http\\Middleware\\CheckForMaintenanceMode->handle(Object(Illuminate\\Http\\Request), Object(Closure))
#52 /home/yassine/WORK/semestre2/php/Piscine_MVC_Free_Ads/freeads/vendor/laravel/framework/src/Illuminate/Routing/Pipeline.php(53): Illuminate\\Pipeline\\Pipeline->Illuminate\\Pipeline\\{closure}(Object(Illuminate\\Http\\Request))
#53 /home/yassine/WORK/semestre2/php/Piscine_MVC_Free_Ads/freeads/vendor/laravel/framework/src/Illuminate/Pipeline/Pipeline.php(104): Illuminate\\Routing\\Pipeline->Illuminate\\Routing\\{closure}(Object(Illuminate\\Http\\Request))
#54 /home/yassine/WORK/semestre2/php/Piscine_MVC_Free_Ads/freeads/vendor/laravel/framework/src/Illuminate/Foundation/Http/Kernel.php(151): Illuminate\\Pipeline\\Pipeline->then(Object(Closure))
#55 /home/yassine/WORK/semestre2/php/Piscine_MVC_Free_Ads/freeads/vendor/laravel/framework/src/Illuminate/Foundation/Http/Kernel.php(116): Illuminate\\Foundation\\Http\\Kernel->sendRequestThroughRouter(Object(Illuminate\\Http\\Request))
#56 /home/yassine/WORK/semestre2/php/Piscine_MVC_Free_Ads/freeads/public/index.php(55): Illuminate\\Foundation\\Http\\Kernel->handle(Object(Illuminate\\Http\\Request))
#57 {main}
"} 
[2019-05-14 09:32:53] local.ERROR: Unable to write in the "/home/yassine/WORK/semestre2/php/Piscine_MVC_Free_Ads/freeads/public/uploads" directory {"userId":9,"exception":"[object] (Symfony\\Component\\HttpFoundation\\File\\Exception\\FileException(code: 0): Unable to write in the \"/home/yassine/WORK/semestre2/php/Piscine_MVC_Free_Ads/freeads/public/uploads\" directory at /home/yassine/WORK/semestre2/php/Piscine_MVC_Free_Ads/freeads/vendor/symfony/http-foundation/File/File.php:115)
[stacktrace]
#0 /home/yassine/WORK/semestre2/php/Piscine_MVC_Free_Ads/freeads/vendor/symfony/http-foundation/File/UploadedFile.php(208): Symfony\\Component\\HttpFoundation\\File\\File->getTargetFile('/home/yassine/W...', '1557826373_1691...')
#1 /home/yassine/WORK/semestre2/php/Piscine_MVC_Free_Ads/freeads/app/Http/Controllers/Post/PostController.php(45): Symfony\\Component\\HttpFoundation\\File\\UploadedFile->move('/home/yassine/W...', '1557826373_1691...')
#2 /home/yassine/WORK/semestre2/php/Piscine_MVC_Free_Ads/freeads/app/Http/Controllers/Post/PostController.php(34): App\\Http\\Controllers\\Post\\PostController->upimg(Object(App\\Model\\AdModel), Object(Illuminate\\Http\\Request))
#3 [internal function]: App\\Http\\Controllers\\Post\\PostController->newAd(Object(Illuminate\\Http\\Request))
#4 /home/yassine/WORK/semestre2/php/Piscine_MVC_Free_Ads/freeads/vendor/laravel/framework/src/Illuminate/Routing/Controller.php(54): call_user_func_array(Array, Array)
#5 /home/yassine/WORK/semestre2/php/Piscine_MVC_Free_Ads/freeads/vendor/laravel/framework/src/Illuminate/Routing/ControllerDispatcher.php(45): Illuminate\\Routing\\Controller->callAction('newAd', Array)
#6 /home/yassine/WORK/semestre2/php/Piscine_MVC_Free_Ads/freeads/vendor/laravel/framework/src/Illuminate/Routing/Route.php(219): Illuminate\\Routing\\ControllerDispatcher->dispatch(Object(Illuminate\\Routing\\Route), Object(App\\Http\\Controllers\\Post\\PostController), 'newAd')
#7 /home/yassine/WORK/semestre2/php/Piscine_MVC_Free_Ads/freeads/vendor/laravel/framework/src/Illuminate/Routing/Route.php(176): Illuminate\\Routing\\Route->runController()
#8 /home/yassine/WORK/semestre2/php/Piscine_MVC_Free_Ads/freeads/vendor/laravel/framework/src/Illuminate/Routing/Router.php(680): Illuminate\\Routing\\Route->run()
#9 /home/yassine/WORK/semestre2/php/Piscine_MVC_Free_Ads/freeads/vendor/laravel/framework/src/Illuminate/Routing/Pipeline.php(30): Illuminate\\Routing\\Router->Illuminate\\Routing\\{closure}(Object(Illuminate\\Http\\Request))
#10 /home/yassine/WORK/semestre2/php/Piscine_MVC_Free_Ads/freeads/vendor/laravel/framework/src/Illuminate/Routing/Middleware/SubstituteBindings.php(41): Illuminate\\Routing\\Pipeline->Illuminate\\Routing\\{closure}(Object(Illuminate\\Http\\Request))
#11 /home/yassine/WORK/semestre2/php/Piscine_MVC_Free_Ads/freeads/vendor/laravel/framework/src/Illuminate/Pipeline/Pipeline.php(163): Illuminate\\Routing\\Middleware\\SubstituteBindings->handle(Object(Illuminate\\Http\\Request), Object(Closure))
#12 /home/yassine/WORK/semestre2/php/Piscine_MVC_Free_Ads/freeads/vendor/laravel/framework/src/Illuminate/Routing/Pipeline.php(53): Illuminate\\Pipeline\\Pipeline->Illuminate\\Pipeline\\{closure}(Object(Illuminate\\Http\\Request))
#13 /home/yassine/WORK/semestre2/php/Piscine_MVC_Free_Ads/freeads/vendor/laravel/framework/src/Illuminate/Foundation/Http/Middleware/VerifyCsrfToken.php(75): Illuminate\\Routing\\Pipeline->Illuminate\\Routing\\{closure}(Object(Illuminate\\Http\\Request))
#14 /home/yassine/WORK/semestre2/php/Piscine_MVC_Free_Ads/freeads/vendor/laravel/framework/src/Illuminate/Pipeline/Pipeline.php(163): Illuminate\\Foundation\\Http\\Middleware\\VerifyCsrfToken->handle(Object(Illuminate\\Http\\Request), Object(Closure))
#15 /home/yassine/WORK/semestre2/php/Piscine_MVC_Free_Ads/freeads/vendor/laravel/framework/src/Illuminate/Routing/Pipeline.php(53): Illuminate\\Pipeline\\Pipeline->Illuminate\\Pipeline\\{closure}(Object(Illuminate\\Http\\Request))
#16 /home/yassine/WORK/semestre2/php/Piscine_MVC_Free_Ads/freeads/vendor/laravel/framework/src/Illuminate/View/Middleware/ShareErrorsFromSession.php(49): Illuminate\\Routing\\Pipeline->Illuminate\\Routing\\{closure}(Object(Illuminate\\Http\\Request))
#17 /home/yassine/WORK/semestre2/php/Piscine_MVC_Free_Ads/freeads/vendor/laravel/framework/src/Illuminate/Pipeline/Pipeline.php(163): Illuminate\\View\\Middleware\\ShareErrorsFromSession->handle(Object(Illuminate\\Http\\Request), Object(Closure))
#18 /home/yassine/WORK/semestre2/php/Piscine_MVC_Free_Ads/freeads/vendor/laravel/framework/src/Illuminate/Routing/Pipeline.php(53): Illuminate\\Pipeline\\Pipeline->Illuminate\\Pipeline\\{closure}(Object(Illuminate\\Http\\Request))
#19 /home/yassine/WORK/semestre2/php/Piscine_MVC_Free_Ads/freeads/vendor/laravel/framework/src/Illuminate/Session/Middleware/StartSession.php(56): Illuminate\\Routing\\Pipeline->Illuminate\\Routing\\{closure}(Object(Illuminate\\Http\\Request))
#20 /home/yassine/WORK/semestre2/php/Piscine_MVC_Free_Ads/freeads/vendor/laravel/framework/src/Illuminate/Pipeline/Pipeline.php(163): Illuminate\\Session\\Middleware\\StartSession->handle(Object(Illuminate\\Http\\Request), Object(Closure))
#21 /home/yassine/WORK/semestre2/php/Piscine_MVC_Free_Ads/freeads/vendor/laravel/framework/src/Illuminate/Routing/Pipeline.php(53): Illuminate\\Pipeline\\Pipeline->Illuminate\\Pipeline\\{closure}(Object(Illuminate\\Http\\Request))
#22 /home/yassine/WORK/semestre2/php/Piscine_MVC_Free_Ads/freeads/vendor/laravel/framework/src/Illuminate/Cookie/Middleware/AddQueuedCookiesToResponse.php(37): Illuminate\\Routing\\Pipeline->Illuminate\\Routing\\{closure}(Object(Illuminate\\Http\\Request))
#23 /home/yassine/WORK/semestre2/php/Piscine_MVC_Free_Ads/freeads/vendor/laravel/framework/src/Illuminate/Pipeline/Pipeline.php(163): Illuminate\\Cookie\\Middleware\\AddQueuedCookiesToResponse->handle(Object(Illuminate\\Http\\Request), Object(Closure))
#24 /home/yassine/WORK/semestre2/php/Piscine_MVC_Free_Ads/freeads/vendor/laravel/framework/src/Illuminate/Routing/Pipeline.php(53): Illuminate\\Pipeline\\Pipeline->Illuminate\\Pipeline\\{closure}(Object(Illuminate\\Http\\Request))
#25 /home/yassine/WORK/semestre2/php/Piscine_MVC_Free_Ads/freeads/vendor/laravel/framework/src/Illuminate/Cookie/Middleware/EncryptCookies.php(66): Illuminate\\Routing\\Pipeline->Illuminate\\Routing\\{closure}(Object(Illuminate\\Http\\Request))
#26 /home/yassine/WORK/semestre2/php/Piscine_MVC_Free_Ads/freeads/vendor/laravel/framework/src/Illuminate/Pipeline/Pipeline.php(163): Illuminate\\Cookie\\Middleware\\EncryptCookies->handle(Object(Illuminate\\Http\\Request), Object(Closure))
#27 /home/yassine/WORK/semestre2/php/Piscine_MVC_Free_Ads/freeads/vendor/laravel/framework/src/Illuminate/Routing/Pipeline.php(53): Illuminate\\Pipeline\\Pipeline->Illuminate\\Pipeline\\{closure}(Object(Illuminate\\Http\\Request))
#28 /home/yassine/WORK/semestre2/php/Piscine_MVC_Free_Ads/freeads/vendor/laravel/framework/src/Illuminate/Pipeline/Pipeline.php(104): Illuminate\\Routing\\Pipeline->Illuminate\\Routing\\{closure}(Object(Illuminate\\Http\\Request))
#29 /home/yassine/WORK/semestre2/php/Piscine_MVC_Free_Ads/freeads/vendor/laravel/framework/src/Illuminate/Routing/Router.php(682): Illuminate\\Pipeline\\Pipeline->then(Object(Closure))
#30 /home/yassine/WORK/semestre2/php/Piscine_MVC_Free_Ads/freeads/vendor/laravel/framework/src/Illuminate/Routing/Router.php(657): Illuminate\\Routing\\Router->runRouteWithinStack(Object(Illuminate\\Routing\\Route), Object(Illuminate\\Http\\Request))
#31 /home/yassine/WORK/semestre2/php/Piscine_MVC_Free_Ads/freeads/vendor/laravel/framework/src/Illuminate/Routing/Router.php(623): Illuminate\\Routing\\Router->runRoute(Object(Illuminate\\Http\\Request), Object(Illuminate\\Routing\\Route))
#32 /home/yassine/WORK/semestre2/php/Piscine_MVC_Free_Ads/freeads/vendor/laravel/framework/src/Illuminate/Routing/Router.php(612): Illuminate\\Routing\\Router->dispatchToRoute(Object(Illuminate\\Http\\Request))
#33 /home/yassine/WORK/semestre2/php/Piscine_MVC_Free_Ads/freeads/vendor/laravel/framework/src/Illuminate/Foundation/Http/Kernel.php(176): Illuminate\\Routing\\Router->dispatch(Object(Illuminate\\Http\\Request))
#34 /home/yassine/WORK/semestre2/php/Piscine_MVC_Free_Ads/freeads/vendor/laravel/framework/src/Illuminate/Routing/Pipeline.php(30): Illuminate\\Foundation\\Http\\Kernel->Illuminate\\Foundation\\Http\\{closure}(Object(Illuminate\\Http\\Request))
#35 /home/yassine/WORK/semestre2/php/Piscine_MVC_Free_Ads/freeads/vendor/fideloper/proxy/src/TrustProxies.php(57): Illuminate\\Routing\\Pipeline->Illuminate\\Routing\\{closure}(Object(Illuminate\\Http\\Request))
#36 /home/yassine/WORK/semestre2/php/Piscine_MVC_Free_Ads/freeads/vendor/laravel/framework/src/Illuminate/Pipeline/Pipeline.php(163): Fideloper\\Proxy\\TrustProxies->handle(Object(Illuminate\\Http\\Request), Object(Closure))
#37 /home/yassine/WORK/semestre2/php/Piscine_MVC_Free_Ads/freeads/vendor/laravel/framework/src/Illuminate/Routing/Pipeline.php(53): Illuminate\\Pipeline\\Pipeline->Illuminate\\Pipeline\\{closure}(Object(Illuminate\\Http\\Request))
#38 /home/yassine/WORK/semestre2/php/Piscine_MVC_Free_Ads/freeads/vendor/laravel/framework/src/Illuminate/Foundation/Http/Middleware/TransformsRequest.php(21): Illuminate\\Routing\\Pipeline->Illuminate\\Routing\\{closure}(Object(Illuminate\\Http\\Request))
#39 /home/yassine/WORK/semestre2/php/Piscine_MVC_Free_Ads/freeads/vendor/laravel/framework/src/Illuminate/Pipeline/Pipeline.php(163): Illuminate\\Foundation\\Http\\Middleware\\TransformsRequest->handle(Object(Illuminate\\Http\\Request), Object(Closure))
#40 /home/yassine/WORK/semestre2/php/Piscine_MVC_Free_Ads/freeads/vendor/laravel/framework/src/Illuminate/Routing/Pipeline.php(53): Illuminate\\Pipeline\\Pipeline->Illuminate\\Pipeline\\{closure}(Object(Illuminate\\Http\\Request))
#41 /home/yassine/WORK/semestre2/php/Piscine_MVC_Free_Ads/freeads/vendor/laravel/framework/src/Illuminate/Foundation/Http/Middleware/TransformsRequest.php(21): Illuminate\\Routing\\Pipeline->Illuminate\\Routing\\{closure}(Object(Illuminate\\Http\\Request))
#42 /home/yassine/WORK/semestre2/php/Piscine_MVC_Free_Ads/freeads/vendor/laravel/framework/src/Illuminate/Pipeline/Pipeline.php(163): Illuminate\\Foundation\\Http\\Middleware\\TransformsRequest->handle(Object(Illuminate\\Http\\Request), Object(Closure))
#43 /home/yassine/WORK/semestre2/php/Piscine_MVC_Free_Ads/freeads/vendor/laravel/framework/src/Illuminate/Routing/Pipeline.php(53): Illuminate\\Pipeline\\Pipeline->Illuminate\\Pipeline\\{closure}(Object(Illuminate\\Http\\Request))
#44 /home/yassine/WORK/semestre2/php/Piscine_MVC_Free_Ads/freeads/vendor/laravel/framework/src/Illuminate/Foundation/Http/Middleware/ValidatePostSize.php(27): Illuminate\\Routing\\Pipeline->Illuminate\\Routing\\{closure}(Object(Illuminate\\Http\\Request))
#45 /home/yassine/WORK/semestre2/php/Piscine_MVC_Free_Ads/freeads/vendor/laravel/framework/src/Illuminate/Pipeline/Pipeline.php(163): Illuminate\\Foundation\\Http\\Middleware\\ValidatePostSize->handle(Object(Illuminate\\Http\\Request), Object(Closure))
#46 /home/yassine/WORK/semestre2/php/Piscine_MVC_Free_Ads/freeads/vendor/laravel/framework/src/Illuminate/Routing/Pipeline.php(53): Illuminate\\Pipeline\\Pipeline->Illuminate\\Pipeline\\{closure}(Object(Illuminate\\Http\\Request))
#47 /home/yassine/WORK/semestre2/php/Piscine_MVC_Free_Ads/freeads/vendor/laravel/framework/src/Illuminate/Foundation/Http/Middleware/CheckForMaintenanceMode.php(62): Illuminate\\Routing\\Pipeline->Illuminate\\Routing\\{closure}(Object(Illuminate\\Http\\Request))
#48 /home/yassine/WORK/semestre2/php/Piscine_MVC_Free_Ads/freeads/vendor/laravel/framework/src/Illuminate/Pipeline/Pipeline.php(163): Illuminate\\Foundation\\Http\\Middleware\\CheckForMaintenanceMode->handle(Object(Illuminate\\Http\\Request), Object(Closure))
#49 /home/yassine/WORK/semestre2/php/Piscine_MVC_Free_Ads/freeads/vendor/laravel/framework/src/Illuminate/Routing/Pipeline.php(53): Illuminate\\Pipeline\\Pipeline->Illuminate\\Pipeline\\{closure}(Object(Illuminate\\Http\\Request))
#50 /home/yassine/WORK/semestre2/php/Piscine_MVC_Free_Ads/freeads/vendor/laravel/framework/src/Illuminate/Pipeline/Pipeline.php(104): Illuminate\\Routing\\Pipeline->Illuminate\\Routing\\{closure}(Object(Illuminate\\Http\\Request))
#51 /home/yassine/WORK/semestre2/php/Piscine_MVC_Free_Ads/freeads/vendor/laravel/framework/src/Illuminate/Foundation/Http/Kernel.php(151): Illuminate\\Pipeline\\Pipeline->then(Object(Closure))
#52 /home/yassine/WORK/semestre2/php/Piscine_MVC_Free_Ads/freeads/vendor/laravel/framework/src/Illuminate/Foundation/Http/Kernel.php(116): Illuminate\\Foundation\\Http\\Kernel->sendRequestThroughRouter(Object(Illuminate\\Http\\Request))
#53 /home/yassine/WORK/semestre2/php/Piscine_MVC_Free_Ads/freeads/public/index.php(55): Illuminate\\Foundation\\Http\\Kernel->handle(Object(Illuminate\\Http\\Request))
#54 {main}
"} 
[2019-05-14 09:34:51] local.ERROR: file_put_contents(/home/yassine/WORK/semestre2/php/Piscine_MVC_Free_Ads/freeads/storage/framework/views/922c0bcc3a7aca4e66921a9a00e4c539ed43331b.php): failed to open stream: Permission denied {"userId":8,"exception":"[object] (ErrorException(code: 0): file_put_contents(/home/yassine/WORK/semestre2/php/Piscine_MVC_Free_Ads/freeads/storage/framework/views/922c0bcc3a7aca4e66921a9a00e4c539ed43331b.php): failed to open stream: Permission denied at /home/yassine/WORK/semestre2/php/Piscine_MVC_Free_Ads/freeads/vendor/laravel/framework/src/Illuminate/Filesystem/Filesystem.php:122)
[stacktrace]
#0 [internal function]: Illuminate\\Foundation\\Bootstrap\\HandleExceptions->handleError(2, 'file_put_conten...', '/home/yassine/W...', 122, Array)
#1 /home/yassine/WORK/semestre2/php/Piscine_MVC_Free_Ads/freeads/vendor/laravel/framework/src/Illuminate/Filesystem/Filesystem.php(122): file_put_contents('/home/yassine/W...', '<?php $__env->s...', 0)
#2 /home/yassine/WORK/semestre2/php/Piscine_MVC_Free_Ads/freeads/vendor/laravel/framework/src/Illuminate/View/Compilers/BladeCompiler.php(124): Illuminate\\Filesystem\\Filesystem->put('/home/yassine/W...', '<?php $__env->s...')
#3 /home/yassine/WORK/semestre2/php/Piscine_MVC_Free_Ads/freeads/vendor/laravel/framework/src/Illuminate/View/Engines/CompilerEngine.php(51): Illuminate\\View\\Compilers\\BladeCompiler->compile('/home/yassine/W...')
#4 /home/yassine/WORK/semestre2/php/Piscine_MVC_Free_Ads/freeads/vendor/laravel/framework/src/Illuminate/View/View.php(142): Illuminate\\View\\Engines\\CompilerEngine->get('/home/yassine/W...', Array)
#5 /home/yassine/WORK/semestre2/php/Piscine_MVC_Free_Ads/freeads/vendor/laravel/framework/src/Illuminate/View/View.php(125): Illuminate\\View\\View->getContents()
#6 /home/yassine/WORK/semestre2/php/Piscine_MVC_Free_Ads/freeads/vendor/laravel/framework/src/Illuminate/View/View.php(90): Illuminate\\View\\View->renderContents()
#7 /home/yassine/WORK/semestre2/php/Piscine_MVC_Free_Ads/freeads/vendor/laravel/framework/src/Illuminate/Http/Response.php(42): Illuminate\\View\\View->render()
#8 /home/yassine/WORK/semestre2/php/Piscine_MVC_Free_Ads/freeads/vendor/symfony/http-foundation/Response.php(202): Illuminate\\Http\\Response->setContent(Object(Illuminate\\View\\View))
#9 /home/yassine/WORK/semestre2/php/Piscine_MVC_Free_Ads/freeads/vendor/laravel/framework/src/Illuminate/Routing/Router.php(748): Symfony\\Component\\HttpFoundation\\Response->__construct(Object(Illuminate\\View\\View))
#10 /home/yassine/WORK/semestre2/php/Piscine_MVC_Free_Ads/freeads/vendor/laravel/framework/src/Illuminate/Routing/Router.php(720): Illuminate\\Routing\\Router::toResponse(Object(Illuminate\\Http\\Request), Object(Illuminate\\View\\View))
#11 /home/yassine/WORK/semestre2/php/Piscine_MVC_Free_Ads/freeads/vendor/laravel/framework/src/Illuminate/Routing/Router.php(680): Illuminate\\Routing\\Router->prepareResponse(Object(Illuminate\\Http\\Request), Object(Illuminate\\View\\View))
#12 /home/yassine/WORK/semestre2/php/Piscine_MVC_Free_Ads/freeads/vendor/laravel/framework/src/Illuminate/Routing/Pipeline.php(30): Illuminate\\Routing\\Router->Illuminate\\Routing\\{closure}(Object(Illuminate\\Http\\Request))
#13 /home/yassine/WORK/semestre2/php/Piscine_MVC_Free_Ads/freeads/vendor/laravel/framework/src/Illuminate/Routing/Middleware/SubstituteBindings.php(41): Illuminate\\Routing\\Pipeline->Illuminate\\Routing\\{closure}(Object(Illuminate\\Http\\Request))
#14 /home/yassine/WORK/semestre2/php/Piscine_MVC_Free_Ads/freeads/vendor/laravel/framework/src/Illuminate/Pipeline/Pipeline.php(163): Illuminate\\Routing\\Middleware\\SubstituteBindings->handle(Object(Illuminate\\Http\\Request), Object(Closure))
#15 /home/yassine/WORK/semestre2/php/Piscine_MVC_Free_Ads/freeads/vendor/laravel/framework/src/Illuminate/Routing/Pipeline.php(53): Illuminate\\Pipeline\\Pipeline->Illuminate\\Pipeline\\{closure}(Object(Illuminate\\Http\\Request))
#16 /home/yassine/WORK/semestre2/php/Piscine_MVC_Free_Ads/freeads/vendor/laravel/framework/src/Illuminate/Foundation/Http/Middleware/VerifyCsrfToken.php(75): Illuminate\\Routing\\Pipeline->Illuminate\\Routing\\{closure}(Object(Illuminate\\Http\\Request))
#17 /home/yassine/WORK/semestre2/php/Piscine_MVC_Free_Ads/freeads/vendor/laravel/framework/src/Illuminate/Pipeline/Pipeline.php(163): Illuminate\\Foundation\\Http\\Middleware\\VerifyCsrfToken->handle(Object(Illuminate\\Http\\Request), Object(Closure))
#18 /home/yassine/WORK/semestre2/php/Piscine_MVC_Free_Ads/freeads/vendor/laravel/framework/src/Illuminate/Routing/Pipeline.php(53): Illuminate\\Pipeline\\Pipeline->Illuminate\\Pipeline\\{closure}(Object(Illuminate\\Http\\Request))
#19 /home/yassine/WORK/semestre2/php/Piscine_MVC_Free_Ads/freeads/vendor/laravel/framework/src/Illuminate/View/Middleware/ShareErrorsFromSession.php(49): Illuminate\\Routing\\Pipeline->Illuminate\\Routing\\{closure}(Object(Illuminate\\Http\\Request))
#20 /home/yassine/WORK/semestre2/php/Piscine_MVC_Free_Ads/freeads/vendor/laravel/framework/src/Illuminate/Pipeline/Pipeline.php(163): Illuminate\\View\\Middleware\\ShareErrorsFromSession->handle(Object(Illuminate\\Http\\Request), Object(Closure))
#21 /home/yassine/WORK/semestre2/php/Piscine_MVC_Free_Ads/freeads/vendor/laravel/framework/src/Illuminate/Routing/Pipeline.php(53): Illuminate\\Pipeline\\Pipeline->Illuminate\\Pipeline\\{closure}(Object(Illuminate\\Http\\Request))
#22 /home/yassine/WORK/semestre2/php/Piscine_MVC_Free_Ads/freeads/vendor/laravel/framework/src/Illuminate/Session/Middleware/StartSession.php(56): Illuminate\\Routing\\Pipeline->Illuminate\\Routing\\{closure}(Object(Illuminate\\Http\\Request))
#23 /home/yassine/WORK/semestre2/php/Piscine_MVC_Free_Ads/freeads/vendor/laravel/framework/src/Illuminate/Pipeline/Pipeline.php(163): Illuminate\\Session\\Middleware\\StartSession->handle(Object(Illuminate\\Http\\Request), Object(Closure))
#24 /home/yassine/WORK/semestre2/php/Piscine_MVC_Free_Ads/freeads/vendor/laravel/framework/src/Illuminate/Routing/Pipeline.php(53): Illuminate\\Pipeline\\Pipeline->Illuminate\\Pipeline\\{closure}(Object(Illuminate\\Http\\Request))
#25 /home/yassine/WORK/semestre2/php/Piscine_MVC_Free_Ads/freeads/vendor/laravel/framework/src/Illuminate/Cookie/Middleware/AddQueuedCookiesToResponse.php(37): Illuminate\\Routing\\Pipeline->Illuminate\\Routing\\{closure}(Object(Illuminate\\Http\\Request))
#26 /home/yassine/WORK/semestre2/php/Piscine_MVC_Free_Ads/freeads/vendor/laravel/framework/src/Illuminate/Pipeline/Pipeline.php(163): Illuminate\\Cookie\\Middleware\\AddQueuedCookiesToResponse->handle(Object(Illuminate\\Http\\Request), Object(Closure))
#27 /home/yassine/WORK/semestre2/php/Piscine_MVC_Free_Ads/freeads/vendor/laravel/framework/src/Illuminate/Routing/Pipeline.php(53): Illuminate\\Pipeline\\Pipeline->Illuminate\\Pipeline\\{closure}(Object(Illuminate\\Http\\Request))
#28 /home/yassine/WORK/semestre2/php/Piscine_MVC_Free_Ads/freeads/vendor/laravel/framework/src/Illuminate/Cookie/Middleware/EncryptCookies.php(66): Illuminate\\Routing\\Pipeline->Illuminate\\Routing\\{closure}(Object(Illuminate\\Http\\Request))
#29 /home/yassine/WORK/semestre2/php/Piscine_MVC_Free_Ads/freeads/vendor/laravel/framework/src/Illuminate/Pipeline/Pipeline.php(163): Illuminate\\Cookie\\Middleware\\EncryptCookies->handle(Object(Illuminate\\Http\\Request), Object(Closure))
#30 /home/yassine/WORK/semestre2/php/Piscine_MVC_Free_Ads/freeads/vendor/laravel/framework/src/Illuminate/Routing/Pipeline.php(53): Illuminate\\Pipeline\\Pipeline->Illuminate\\Pipeline\\{closure}(Object(Illuminate\\Http\\Request))
#31 /home/yassine/WORK/semestre2/php/Piscine_MVC_Free_Ads/freeads/vendor/laravel/framework/src/Illuminate/Pipeline/Pipeline.php(104): Illuminate\\Routing\\Pipeline->Illuminate\\Routing\\{closure}(Object(Illuminate\\Http\\Request))
#32 /home/yassine/WORK/semestre2/php/Piscine_MVC_Free_Ads/freeads/vendor/laravel/framework/src/Illuminate/Routing/Router.php(682): Illuminate\\Pipeline\\Pipeline->then(Object(Closure))
#33 /home/yassine/WORK/semestre2/php/Piscine_MVC_Free_Ads/freeads/vendor/laravel/framework/src/Illuminate/Routing/Router.php(657): Illuminate\\Routing\\Router->runRouteWithinStack(Object(Illuminate\\Routing\\Route), Object(Illuminate\\Http\\Request))
#34 /home/yassine/WORK/semestre2/php/Piscine_MVC_Free_Ads/freeads/vendor/laravel/framework/src/Illuminate/Routing/Router.php(623): Illuminate\\Routing\\Router->runRoute(Object(Illuminate\\Http\\Request), Object(Illuminate\\Routing\\Route))
#35 /home/yassine/WORK/semestre2/php/Piscine_MVC_Free_Ads/freeads/vendor/laravel/framework/src/Illuminate/Routing/Router.php(612): Illuminate\\Routing\\Router->dispatchToRoute(Object(Illuminate\\Http\\Request))
#36 /home/yassine/WORK/semestre2/php/Piscine_MVC_Free_Ads/freeads/vendor/laravel/framework/src/Illuminate/Foundation/Http/Kernel.php(176): Illuminate\\Routing\\Router->dispatch(Object(Illuminate\\Http\\Request))
#37 /home/yassine/WORK/semestre2/php/Piscine_MVC_Free_Ads/freeads/vendor/laravel/framework/src/Illuminate/Routing/Pipeline.php(30): Illuminate\\Foundation\\Http\\Kernel->Illuminate\\Foundation\\Http\\{closure}(Object(Illuminate\\Http\\Request))
#38 /home/yassine/WORK/semestre2/php/Piscine_MVC_Free_Ads/freeads/vendor/fideloper/proxy/src/TrustProxies.php(57): Illuminate\\Routing\\Pipeline->Illuminate\\Routing\\{closure}(Object(Illuminate\\Http\\Request))
#39 /home/yassine/WORK/semestre2/php/Piscine_MVC_Free_Ads/freeads/vendor/laravel/framework/src/Illuminate/Pipeline/Pipeline.php(163): Fideloper\\Proxy\\TrustProxies->handle(Object(Illuminate\\Http\\Request), Object(Closure))
#40 /home/yassine/WORK/semestre2/php/Piscine_MVC_Free_Ads/freeads/vendor/laravel/framework/src/Illuminate/Routing/Pipeline.php(53): Illuminate\\Pipeline\\Pipeline->Illuminate\\Pipeline\\{closure}(Object(Illuminate\\Http\\Request))
#41 /home/yassine/WORK/semestre2/php/Piscine_MVC_Free_Ads/freeads/vendor/laravel/framework/src/Illuminate/Foundation/Http/Middleware/TransformsRequest.php(21): Illuminate\\Routing\\Pipeline->Illuminate\\Routing\\{closure}(Object(Illuminate\\Http\\Request))
#42 /home/yassine/WORK/semestre2/php/Piscine_MVC_Free_Ads/freeads/vendor/laravel/framework/src/Illuminate/Pipeline/Pipeline.php(163): Illuminate\\Foundation\\Http\\Middleware\\TransformsRequest->handle(Object(Illuminate\\Http\\Request), Object(Closure))
#43 /home/yassine/WORK/semestre2/php/Piscine_MVC_Free_Ads/freeads/vendor/laravel/framework/src/Illuminate/Routing/Pipeline.php(53): Illuminate\\Pipeline\\Pipeline->Illuminate\\Pipeline\\{closure}(Object(Illuminate\\Http\\Request))
#44 /home/yassine/WORK/semestre2/php/Piscine_MVC_Free_Ads/freeads/vendor/laravel/framework/src/Illuminate/Foundation/Http/Middleware/TransformsRequest.php(21): Illuminate\\Routing\\Pipeline->Illuminate\\Routing\\{closure}(Object(Illuminate\\Http\\Request))
#45 /home/yassine/WORK/semestre2/php/Piscine_MVC_Free_Ads/freeads/vendor/laravel/framework/src/Illuminate/Pipeline/Pipeline.php(163): Illuminate\\Foundation\\Http\\Middleware\\TransformsRequest->handle(Object(Illuminate\\Http\\Request), Object(Closure))
#46 /home/yassine/WORK/semestre2/php/Piscine_MVC_Free_Ads/freeads/vendor/laravel/framework/src/Illuminate/Routing/Pipeline.php(53): Illuminate\\Pipeline\\Pipeline->Illuminate\\Pipeline\\{closure}(Object(Illuminate\\Http\\Request))
#47 /home/yassine/WORK/semestre2/php/Piscine_MVC_Free_Ads/freeads/vendor/laravel/framework/src/Illuminate/Foundation/Http/Middleware/ValidatePostSize.php(27): Illuminate\\Routing\\Pipeline->Illuminate\\Routing\\{closure}(Object(Illuminate\\Http\\Request))
#48 /home/yassine/WORK/semestre2/php/Piscine_MVC_Free_Ads/freeads/vendor/laravel/framework/src/Illuminate/Pipeline/Pipeline.php(163): Illuminate\\Foundation\\Http\\Middleware\\ValidatePostSize->handle(Object(Illuminate\\Http\\Request), Object(Closure))
#49 /home/yassine/WORK/semestre2/php/Piscine_MVC_Free_Ads/freeads/vendor/laravel/framework/src/Illuminate/Routing/Pipeline.php(53): Illuminate\\Pipeline\\Pipeline->Illuminate\\Pipeline\\{closure}(Object(Illuminate\\Http\\Request))
#50 /home/yassine/WORK/semestre2/php/Piscine_MVC_Free_Ads/freeads/vendor/laravel/framework/src/Illuminate/Foundation/Http/Middleware/CheckForMaintenanceMode.php(62): Illuminate\\Routing\\Pipeline->Illuminate\\Routing\\{closure}(Object(Illuminate\\Http\\Request))
#51 /home/yassine/WORK/semestre2/php/Piscine_MVC_Free_Ads/freeads/vendor/laravel/framework/src/Illuminate/Pipeline/Pipeline.php(163): Illuminate\\Foundation\\Http\\Middleware\\CheckForMaintenanceMode->handle(Object(Illuminate\\Http\\Request), Object(Closure))
#52 /home/yassine/WORK/semestre2/php/Piscine_MVC_Free_Ads/freeads/vendor/laravel/framework/src/Illuminate/Routing/Pipeline.php(53): Illuminate\\Pipeline\\Pipeline->Illuminate\\Pipeline\\{closure}(Object(Illuminate\\Http\\Request))
#53 /home/yassine/WORK/semestre2/php/Piscine_MVC_Free_Ads/freeads/vendor/laravel/framework/src/Illuminate/Pipeline/Pipeline.php(104): Illuminate\\Routing\\Pipeline->Illuminate\\Routing\\{closure}(Object(Illuminate\\Http\\Request))
#54 /home/yassine/WORK/semestre2/php/Piscine_MVC_Free_Ads/freeads/vendor/laravel/framework/src/Illuminate/Foundation/Http/Kernel.php(151): Illuminate\\Pipeline\\Pipeline->then(Object(Closure))
#55 /home/yassine/WORK/semestre2/php/Piscine_MVC_Free_Ads/freeads/vendor/laravel/framework/src/Illuminate/Foundation/Http/Kernel.php(116): Illuminate\\Foundation\\Http\\Kernel->sendRequestThroughRouter(Object(Illuminate\\Http\\Request))
#56 /home/yassine/WORK/semestre2/php/Piscine_MVC_Free_Ads/freeads/public/index.php(55): Illuminate\\Foundation\\Http\\Kernel->handle(Object(Illuminate\\Http\\Request))
#57 {main}
"} 
[2019-05-14 09:35:17] local.ERROR: Unable to write in the "/home/yassine/WORK/semestre2/php/Piscine_MVC_Free_Ads/freeads/public/uploads" directory {"userId":8,"exception":"[object] (Symfony\\Component\\HttpFoundation\\File\\Exception\\FileException(code: 0): Unable to write in the \"/home/yassine/WORK/semestre2/php/Piscine_MVC_Free_Ads/freeads/public/uploads\" directory at /home/yassine/WORK/semestre2/php/Piscine_MVC_Free_Ads/freeads/vendor/symfony/http-foundation/File/File.php:115)
[stacktrace]
#0 /home/yassine/WORK/semestre2/php/Piscine_MVC_Free_Ads/freeads/vendor/symfony/http-foundation/File/UploadedFile.php(208): Symfony\\Component\\HttpFoundation\\File\\File->getTargetFile('/home/yassine/W...', '1557826517_5484...')
#1 /home/yassine/WORK/semestre2/php/Piscine_MVC_Free_Ads/freeads/app/Http/Controllers/Post/PostController.php(45): Symfony\\Component\\HttpFoundation\\File\\UploadedFile->move('/home/yassine/W...', '1557826517_5484...')
#2 /home/yassine/WORK/semestre2/php/Piscine_MVC_Free_Ads/freeads/app/Http/Controllers/Post/PostController.php(34): App\\Http\\Controllers\\Post\\PostController->upimg(Object(App\\Model\\AdModel), Object(Illuminate\\Http\\Request))
#3 [internal function]: App\\Http\\Controllers\\Post\\PostController->newAd(Object(Illuminate\\Http\\Request))
#4 /home/yassine/WORK/semestre2/php/Piscine_MVC_Free_Ads/freeads/vendor/laravel/framework/src/Illuminate/Routing/Controller.php(54): call_user_func_array(Array, Array)
#5 /home/yassine/WORK/semestre2/php/Piscine_MVC_Free_Ads/freeads/vendor/laravel/framework/src/Illuminate/Routing/ControllerDispatcher.php(45): Illuminate\\Routing\\Controller->callAction('newAd', Array)
#6 /home/yassine/WORK/semestre2/php/Piscine_MVC_Free_Ads/freeads/vendor/laravel/framework/src/Illuminate/Routing/Route.php(219): Illuminate\\Routing\\ControllerDispatcher->dispatch(Object(Illuminate\\Routing\\Route), Object(App\\Http\\Controllers\\Post\\PostController), 'newAd')
#7 /home/yassine/WORK/semestre2/php/Piscine_MVC_Free_Ads/freeads/vendor/laravel/framework/src/Illuminate/Routing/Route.php(176): Illuminate\\Routing\\Route->runController()
#8 /home/yassine/WORK/semestre2/php/Piscine_MVC_Free_Ads/freeads/vendor/laravel/framework/src/Illuminate/Routing/Router.php(680): Illuminate\\Routing\\Route->run()
#9 /home/yassine/WORK/semestre2/php/Piscine_MVC_Free_Ads/freeads/vendor/laravel/framework/src/Illuminate/Routing/Pipeline.php(30): Illuminate\\Routing\\Router->Illuminate\\Routing\\{closure}(Object(Illuminate\\Http\\Request))
#10 /home/yassine/WORK/semestre2/php/Piscine_MVC_Free_Ads/freeads/vendor/laravel/framework/src/Illuminate/Routing/Middleware/SubstituteBindings.php(41): Illuminate\\Routing\\Pipeline->Illuminate\\Routing\\{closure}(Object(Illuminate\\Http\\Request))
#11 /home/yassine/WORK/semestre2/php/Piscine_MVC_Free_Ads/freeads/vendor/laravel/framework/src/Illuminate/Pipeline/Pipeline.php(163): Illuminate\\Routing\\Middleware\\SubstituteBindings->handle(Object(Illuminate\\Http\\Request), Object(Closure))
#12 /home/yassine/WORK/semestre2/php/Piscine_MVC_Free_Ads/freeads/vendor/laravel/framework/src/Illuminate/Routing/Pipeline.php(53): Illuminate\\Pipeline\\Pipeline->Illuminate\\Pipeline\\{closure}(Object(Illuminate\\Http\\Request))
#13 /home/yassine/WORK/semestre2/php/Piscine_MVC_Free_Ads/freeads/vendor/laravel/framework/src/Illuminate/Foundation/Http/Middleware/VerifyCsrfToken.php(75): Illuminate\\Routing\\Pipeline->Illuminate\\Routing\\{closure}(Object(Illuminate\\Http\\Request))
#14 /home/yassine/WORK/semestre2/php/Piscine_MVC_Free_Ads/freeads/vendor/laravel/framework/src/Illuminate/Pipeline/Pipeline.php(163): Illuminate\\Foundation\\Http\\Middleware\\VerifyCsrfToken->handle(Object(Illuminate\\Http\\Request), Object(Closure))
#15 /home/yassine/WORK/semestre2/php/Piscine_MVC_Free_Ads/freeads/vendor/laravel/framework/src/Illuminate/Routing/Pipeline.php(53): Illuminate\\Pipeline\\Pipeline->Illuminate\\Pipeline\\{closure}(Object(Illuminate\\Http\\Request))
#16 /home/yassine/WORK/semestre2/php/Piscine_MVC_Free_Ads/freeads/vendor/laravel/framework/src/Illuminate/View/Middleware/ShareErrorsFromSession.php(49): Illuminate\\Routing\\Pipeline->Illuminate\\Routing\\{closure}(Object(Illuminate\\Http\\Request))
#17 /home/yassine/WORK/semestre2/php/Piscine_MVC_Free_Ads/freeads/vendor/laravel/framework/src/Illuminate/Pipeline/Pipeline.php(163): Illuminate\\View\\Middleware\\ShareErrorsFromSession->handle(Object(Illuminate\\Http\\Request), Object(Closure))
#18 /home/yassine/WORK/semestre2/php/Piscine_MVC_Free_Ads/freeads/vendor/laravel/framework/src/Illuminate/Routing/Pipeline.php(53): Illuminate\\Pipeline\\Pipeline->Illuminate\\Pipeline\\{closure}(Object(Illuminate\\Http\\Request))
#19 /home/yassine/WORK/semestre2/php/Piscine_MVC_Free_Ads/freeads/vendor/laravel/framework/src/Illuminate/Session/Middleware/StartSession.php(56): Illuminate\\Routing\\Pipeline->Illuminate\\Routing\\{closure}(Object(Illuminate\\Http\\Request))
#20 /home/yassine/WORK/semestre2/php/Piscine_MVC_Free_Ads/freeads/vendor/laravel/framework/src/Illuminate/Pipeline/Pipeline.php(163): Illuminate\\Session\\Middleware\\StartSession->handle(Object(Illuminate\\Http\\Request), Object(Closure))
#21 /home/yassine/WORK/semestre2/php/Piscine_MVC_Free_Ads/freeads/vendor/laravel/framework/src/Illuminate/Routing/Pipeline.php(53): Illuminate\\Pipeline\\Pipeline->Illuminate\\Pipeline\\{closure}(Object(Illuminate\\Http\\Request))
#22 /home/yassine/WORK/semestre2/php/Piscine_MVC_Free_Ads/freeads/vendor/laravel/framework/src/Illuminate/Cookie/Middleware/AddQueuedCookiesToResponse.php(37): Illuminate\\Routing\\Pipeline->Illuminate\\Routing\\{closure}(Object(Illuminate\\Http\\Request))
#23 /home/yassine/WORK/semestre2/php/Piscine_MVC_Free_Ads/freeads/vendor/laravel/framework/src/Illuminate/Pipeline/Pipeline.php(163): Illuminate\\Cookie\\Middleware\\AddQueuedCookiesToResponse->handle(Object(Illuminate\\Http\\Request), Object(Closure))
#24 /home/yassine/WORK/semestre2/php/Piscine_MVC_Free_Ads/freeads/vendor/laravel/framework/src/Illuminate/Routing/Pipeline.php(53): Illuminate\\Pipeline\\Pipeline->Illuminate\\Pipeline\\{closure}(Object(Illuminate\\Http\\Request))
#25 /home/yassine/WORK/semestre2/php/Piscine_MVC_Free_Ads/freeads/vendor/laravel/framework/src/Illuminate/Cookie/Middleware/EncryptCookies.php(66): Illuminate\\Routing\\Pipeline->Illuminate\\Routing\\{closure}(Object(Illuminate\\Http\\Request))
#26 /home/yassine/WORK/semestre2/php/Piscine_MVC_Free_Ads/freeads/vendor/laravel/framework/src/Illuminate/Pipeline/Pipeline.php(163): Illuminate\\Cookie\\Middleware\\EncryptCookies->handle(Object(Illuminate\\Http\\Request), Object(Closure))
#27 /home/yassine/WORK/semestre2/php/Piscine_MVC_Free_Ads/freeads/vendor/laravel/framework/src/Illuminate/Routing/Pipeline.php(53): Illuminate\\Pipeline\\Pipeline->Illuminate\\Pipeline\\{closure}(Object(Illuminate\\Http\\Request))
#28 /home/yassine/WORK/semestre2/php/Piscine_MVC_Free_Ads/freeads/vendor/laravel/framework/src/Illuminate/Pipeline/Pipeline.php(104): Illuminate\\Routing\\Pipeline->Illuminate\\Routing\\{closure}(Object(Illuminate\\Http\\Request))
#29 /home/yassine/WORK/semestre2/php/Piscine_MVC_Free_Ads/freeads/vendor/laravel/framework/src/Illuminate/Routing/Router.php(682): Illuminate\\Pipeline\\Pipeline->then(Object(Closure))
#30 /home/yassine/WORK/semestre2/php/Piscine_MVC_Free_Ads/freeads/vendor/laravel/framework/src/Illuminate/Routing/Router.php(657): Illuminate\\Routing\\Router->runRouteWithinStack(Object(Illuminate\\Routing\\Route), Object(Illuminate\\Http\\Request))
#31 /home/yassine/WORK/semestre2/php/Piscine_MVC_Free_Ads/freeads/vendor/laravel/framework/src/Illuminate/Routing/Router.php(623): Illuminate\\Routing\\Router->runRoute(Object(Illuminate\\Http\\Request), Object(Illuminate\\Routing\\Route))
#32 /home/yassine/WORK/semestre2/php/Piscine_MVC_Free_Ads/freeads/vendor/laravel/framework/src/Illuminate/Routing/Router.php(612): Illuminate\\Routing\\Router->dispatchToRoute(Object(Illuminate\\Http\\Request))
#33 /home/yassine/WORK/semestre2/php/Piscine_MVC_Free_Ads/freeads/vendor/laravel/framework/src/Illuminate/Foundation/Http/Kernel.php(176): Illuminate\\Routing\\Router->dispatch(Object(Illuminate\\Http\\Request))
#34 /home/yassine/WORK/semestre2/php/Piscine_MVC_Free_Ads/freeads/vendor/laravel/framework/src/Illuminate/Routing/Pipeline.php(30): Illuminate\\Foundation\\Http\\Kernel->Illuminate\\Foundation\\Http\\{closure}(Object(Illuminate\\Http\\Request))
#35 /home/yassine/WORK/semestre2/php/Piscine_MVC_Free_Ads/freeads/vendor/fideloper/proxy/src/TrustProxies.php(57): Illuminate\\Routing\\Pipeline->Illuminate\\Routing\\{closure}(Object(Illuminate\\Http\\Request))
#36 /home/yassine/WORK/semestre2/php/Piscine_MVC_Free_Ads/freeads/vendor/laravel/framework/src/Illuminate/Pipeline/Pipeline.php(163): Fideloper\\Proxy\\TrustProxies->handle(Object(Illuminate\\Http\\Request), Object(Closure))
#37 /home/yassine/WORK/semestre2/php/Piscine_MVC_Free_Ads/freeads/vendor/laravel/framework/src/Illuminate/Routing/Pipeline.php(53): Illuminate\\Pipeline\\Pipeline->Illuminate\\Pipeline\\{closure}(Object(Illuminate\\Http\\Request))
#38 /home/yassine/WORK/semestre2/php/Piscine_MVC_Free_Ads/freeads/vendor/laravel/framework/src/Illuminate/Foundation/Http/Middleware/TransformsRequest.php(21): Illuminate\\Routing\\Pipeline->Illuminate\\Routing\\{closure}(Object(Illuminate\\Http\\Request))
#39 /home/yassine/WORK/semestre2/php/Piscine_MVC_Free_Ads/freeads/vendor/laravel/framework/src/Illuminate/Pipeline/Pipeline.php(163): Illuminate\\Foundation\\Http\\Middleware\\TransformsRequest->handle(Object(Illuminate\\Http\\Request), Object(Closure))
#40 /home/yassine/WORK/semestre2/php/Piscine_MVC_Free_Ads/freeads/vendor/laravel/framework/src/Illuminate/Routing/Pipeline.php(53): Illuminate\\Pipeline\\Pipeline->Illuminate\\Pipeline\\{closure}(Object(Illuminate\\Http\\Request))
#41 /home/yassine/WORK/semestre2/php/Piscine_MVC_Free_Ads/freeads/vendor/laravel/framework/src/Illuminate/Foundation/Http/Middleware/TransformsRequest.php(21): Illuminate\\Routing\\Pipeline->Illuminate\\Routing\\{closure}(Object(Illuminate\\Http\\Request))
#42 /home/yassine/WORK/semestre2/php/Piscine_MVC_Free_Ads/freeads/vendor/laravel/framework/src/Illuminate/Pipeline/Pipeline.php(163): Illuminate\\Foundation\\Http\\Middleware\\TransformsRequest->handle(Object(Illuminate\\Http\\Request), Object(Closure))
#43 /home/yassine/WORK/semestre2/php/Piscine_MVC_Free_Ads/freeads/vendor/laravel/framework/src/Illuminate/Routing/Pipeline.php(53): Illuminate\\Pipeline\\Pipeline->Illuminate\\Pipeline\\{closure}(Object(Illuminate\\Http\\Request))
#44 /home/yassine/WORK/semestre2/php/Piscine_MVC_Free_Ads/freeads/vendor/laravel/framework/src/Illuminate/Foundation/Http/Middleware/ValidatePostSize.php(27): Illuminate\\Routing\\Pipeline->Illuminate\\Routing\\{closure}(Object(Illuminate\\Http\\Request))
#45 /home/yassine/WORK/semestre2/php/Piscine_MVC_Free_Ads/freeads/vendor/laravel/framework/src/Illuminate/Pipeline/Pipeline.php(163): Illuminate\\Foundation\\Http\\Middleware\\ValidatePostSize->handle(Object(Illuminate\\Http\\Request), Object(Closure))
#46 /home/yassine/WORK/semestre2/php/Piscine_MVC_Free_Ads/freeads/vendor/laravel/framework/src/Illuminate/Routing/Pipeline.php(53): Illuminate\\Pipeline\\Pipeline->Illuminate\\Pipeline\\{closure}(Object(Illuminate\\Http\\Request))
#47 /home/yassine/WORK/semestre2/php/Piscine_MVC_Free_Ads/freeads/vendor/laravel/framework/src/Illuminate/Foundation/Http/Middleware/CheckForMaintenanceMode.php(62): Illuminate\\Routing\\Pipeline->Illuminate\\Routing\\{closure}(Object(Illuminate\\Http\\Request))
#48 /home/yassine/WORK/semestre2/php/Piscine_MVC_Free_Ads/freeads/vendor/laravel/framework/src/Illuminate/Pipeline/Pipeline.php(163): Illuminate\\Foundation\\Http\\Middleware\\CheckForMaintenanceMode->handle(Object(Illuminate\\Http\\Request), Object(Closure))
#49 /home/yassine/WORK/semestre2/php/Piscine_MVC_Free_Ads/freeads/vendor/laravel/framework/src/Illuminate/Routing/Pipeline.php(53): Illuminate\\Pipeline\\Pipeline->Illuminate\\Pipeline\\{closure}(Object(Illuminate\\Http\\Request))
#50 /home/yassine/WORK/semestre2/php/Piscine_MVC_Free_Ads/freeads/vendor/laravel/framework/src/Illuminate/Pipeline/Pipeline.php(104): Illuminate\\Routing\\Pipeline->Illuminate\\Routing\\{closure}(Object(Illuminate\\Http\\Request))
#51 /home/yassine/WORK/semestre2/php/Piscine_MVC_Free_Ads/freeads/vendor/laravel/framework/src/Illuminate/Foundation/Http/Kernel.php(151): Illuminate\\Pipeline\\Pipeline->then(Object(Closure))
#52 /home/yassine/WORK/semestre2/php/Piscine_MVC_Free_Ads/freeads/vendor/laravel/framework/src/Illuminate/Foundation/Http/Kernel.php(116): Illuminate\\Foundation\\Http\\Kernel->sendRequestThroughRouter(Object(Illuminate\\Http\\Request))
#53 /home/yassine/WORK/semestre2/php/Piscine_MVC_Free_Ads/freeads/public/index.php(55): Illuminate\\Foundation\\Http\\Kernel->handle(Object(Illuminate\\Http\\Request))
#54 {main}
"} 
